<?xml version="1.0" encoding="UTF-8"?>
<!-- Generated by org.testng.reporters.JUnitReportReporter -->
<testsuite hostname="LAPTOP-V2NOMDAU" failures="0" tests="1" name="testCases.userRoleTest" time="11.211" errors="0" timestamp="16 Feb 2021 07:13:39 GMT" skipped="0">
  <testcase classname="testCases.userRoleTest" name="checkNoOfLinks" time="11.211"/>
</testsuite> <!-- testCases.userRoleTest -->
